<?xml version="1.0" encoding="UTF-8"?>
<testng-results ignored="1" total="2" passed="1" failed="0" skipped="0">
  <reporter-output>
  </reporter-output>
  <suite started-at="2021-09-01T10:38:32Z" name="Default suite" finished-at="2021-09-01T10:38:34Z" duration-ms="1466">
    <groups>
    </groups>
    <test started-at="2021-09-01T10:38:32Z" name="Default test" finished-at="2021-09-01T10:38:34Z" duration-ms="1466">
      <class name="com.example.demo.StudentApplicationTests">
        <test-method signature="getResponseTime()[pri:0, instance:com.example.demo.StudentApplicationTests@7b8b43c7]" started-at="2021-09-01T16:08:32Z" name="getResponseTime" finished-at="2021-09-01T16:08:34Z" duration-ms="1441" status="PASS">
          <reporter-output>
          </reporter-output>
        </test-method> <!-- getResponseTime -->
      </class> <!-- com.example.demo.StudentApplicationTests -->
    </test> <!-- Default test -->
  </suite> <!-- Default suite -->
</testng-results>
