<?xml version="1.0" encoding="UTF-8"?>
<!-- Generated by org.testng.reporters.JUnitXMLReporter -->
<testsuite ignored="0" hostname="MC1000071863" failures="1" tests="1" name="Default test" time="5.505" errors="0" timestamp="30 Aug 2021 10:57:59 GMT">
  <testcase classname="com.example.demo.RestAssuredApplicationTests" name="contextLoads" time="5.46">
    <failure type="java.net.ConnectException" message="Connection refused: connect">
      <![CDATA[java.net.ConnectException: Connection refused: connectat java.base/sun.nio.ch.Net.connect0(Native Method)at java.base/sun.nio.ch.Net.connect(Net.java:574)at java.base/sun.nio.ch.Net.connect(Net.java:563)at java.base/sun.nio.ch.NioSocketImpl.connect(NioSocketImpl.java:588)at java.base/java.net.SocksSocketImpl.connect(SocksSocketImpl.java:333)at java.base/java.net.Socket.connect(Socket.java:648)at org.apache.http.conn.scheme.PlainSocketFactory.connectSocket(PlainSocketFactory.java:121)at org.apache.http.impl.conn.DefaultClientConnectionOperator.openConnection(DefaultClientConnectionOperator.java:180)at org.apache.http.impl.conn.ManagedClientConnectionImpl.open(ManagedClientConnectionImpl.java:326)at org.apache.http.impl.client.DefaultRequestDirector.tryConnect(DefaultRequestDirector.java:605)at org.apache.http.impl.client.DefaultRequestDirector.execute(DefaultRequestDirector.java:440)at org.apache.http.impl.client.AbstractHttpClient.doExecute(AbstractHttpClient.java:835)at org.apache.http.impl.client.CloseableHttpClient.execute(CloseableHttpClient.java:83)at org.apache.http.impl.client.CloseableHttpClient.execute(CloseableHttpClient.java:56)at org.apache.http.client.HttpClient$execute$0.call(Unknown Source)at org.codehaus.groovy.runtime.callsite.CallSiteArray.defaultCall(CallSiteArray.java:47)at org.codehaus.groovy.runtime.callsite.AbstractCallSite.call(AbstractCallSite.java:125)at org.codehaus.groovy.runtime.callsite.AbstractCallSite.call(AbstractCallSite.java:148)at io.restassured.internal.RequestSpecificationImpl$RestAssuredHttpBuilder.doRequest(RequestSpecificationImpl.groovy:2055)at io.restassured.internal.http.HTTPBuilder.doRequest(HTTPBuilder.java:494)at io.restassured.internal.http.HTTPBuilder.request(HTTPBuilder.java:451)at io.restassured.internal.http.HTTPBuilder$request$2.call(Unknown Source)at org.codehaus.groovy.runtime.callsite.CallSiteArray.defaultCall(CallSiteArray.java:47)at org.codehaus.groovy.runtime.callsite.AbstractCallSite.call(AbstractCallSite.java:125)at org.codehaus.groovy.runtime.callsite.AbstractCallSite.call(AbstractCallSite.java:166)at io.restassured.internal.RequestSpecificationImpl.sendHttpRequest(RequestSpecificationImpl.groovy:1450)at java.base/jdk.internal.reflect.NativeMethodAccessorImpl.invoke0(Native Method)at java.base/jdk.internal.reflect.NativeMethodAccessorImpl.invoke(NativeMethodAccessorImpl.java:64)at java.base/jdk.internal.reflect.DelegatingMethodAccessorImpl.invoke(DelegatingMethodAccessorImpl.java:43)at java.base/java.lang.reflect.Method.invoke(Method.java:564)at org.codehaus.groovy.reflection.CachedMethod.invoke(CachedMethod.java:107)at groovy.lang.MetaMethod.doMethodInvoke(MetaMethod.java:323)at groovy.lang.MetaClassImpl.invokeMethod(MetaClassImpl.java:1268)at groovy.lang.MetaClassImpl.invokeMethod(MetaClassImpl.java:1035)at groovy.lang.MetaClassImpl.invokeMethod(MetaClassImpl.java:819)at io.restassured.internal.RequestSpecificationImpl.invokeMethod(RequestSpecificationImpl.groovy)at org.codehaus.groovy.runtime.callsite.PogoInterceptableSite.call(PogoInterceptableSite.java:45)at org.codehaus.groovy.runtime.callsite.PogoInterceptableSite.callCurrent(PogoInterceptableSite.java:55)at org.codehaus.groovy.runtime.callsite.CallSiteArray.defaultCallCurrent(CallSiteArray.java:51)at org.codehaus.groovy.runtime.callsite.AbstractCallSite.callCurrent(AbstractCallSite.java:171)at io.restassured.internal.RequestSpecificationImpl.sendRequest(RequestSpecificationImpl.groovy:1199)at java.base/jdk.internal.reflect.NativeMethodAccessorImpl.invoke0(Native Method)at java.base/jdk.internal.reflect.NativeMethodAccessorImpl.invoke(NativeMethodAccessorImpl.java:64)at java.base/jdk.internal.reflect.DelegatingMethodAccessorImpl.invoke(DelegatingMethodAccessorImpl.java:43)at java.base/java.lang.reflect.Method.invoke(Method.java:564)at org.codehaus.groovy.reflection.CachedMethod.invoke(CachedMethod.java:107)at groovy.lang.MetaMethod.doMethodInvoke(MetaMethod.java:323)at groovy.lang.MetaClassImpl.invokeMethod(MetaClassImpl.java:1268)at groovy.lang.MetaClassImpl.invokeMethod(MetaClassImpl.java:1035)at groovy.lang.MetaClassImpl.invokeMethod(MetaClassImpl.java:819)at io.restassured.internal.RequestSpecificationImpl.invokeMethod(RequestSpecificationImpl.groovy)at org.codehaus.groovy.runtime.callsite.PogoInterceptableSite.call(PogoInterceptableSite.java:45)at org.codehaus.groovy.runtime.callsite.CallSiteArray.defaultCall(CallSiteArray.java:47)at org.codehaus.groovy.runtime.callsite.AbstractCallSite.call(AbstractCallSite.java:125)at org.codehaus.groovy.runtime.callsite.AbstractCallSite.call(AbstractCallSite.java:166)at io.restassured.internal.filter.SendRequestFilter.filter(SendRequestFilter.groovy:30)at io.restassured.filter.Filter$filter$0.call(Unknown Source)at org.codehaus.groovy.runtime.callsite.CallSiteArray.defaultCall(CallSiteArray.java:47)at io.restassured.filter.Filter$filter.call(Unknown Source)at io.restassured.internal.filter.FilterContextImpl.next(FilterContextImpl.groovy:72)at io.restassured.filter.time.TimingFilter.filter(TimingFilter.java:56)at io.restassured.filter.Filter$filter.call(Unknown Source)at org.codehaus.groovy.runtime.callsite.CallSiteArray.defaultCall(CallSiteArray.java:47)at org.codehaus.groovy.runtime.callsite.AbstractCallSite.call(AbstractCallSite.java:125)at org.codehaus.groovy.runtime.callsite.AbstractCallSite.call(AbstractCallSite.java:157)at io.restassured.internal.filter.FilterContextImpl.next(FilterContextImpl.groovy:72)at io.restassured.filter.FilterContext$next.call(Unknown Source)at org.codehaus.groovy.runtime.callsite.CallSiteArray.defaultCall(CallSiteArray.java:47)at org.codehaus.groovy.runtime.callsite.AbstractCallSite.call(AbstractCallSite.java:125)at org.codehaus.groovy.runtime.callsite.AbstractCallSite.call(AbstractCallSite.java:148)at io.restassured.internal.RequestSpecificationImpl.applyPathParamsAndSendRequest(RequestSpecificationImpl.groovy:1655)at java.base/jdk.internal.reflect.NativeMethodAccessorImpl.invoke0(Native Method)at java.base/jdk.internal.reflect.NativeMethodAccessorImpl.invoke(NativeMethodAccessorImpl.java:64)at java.base/jdk.internal.reflect.DelegatingMethodAccessorImpl.invoke(DelegatingMethodAccessorImpl.java:43)at java.base/java.lang.reflect.Method.invoke(Method.java:564)at org.codehaus.groovy.reflection.CachedMethod.invoke(CachedMethod.java:107)at groovy.lang.MetaMethod.doMethodInvoke(MetaMethod.java:323)at groovy.lang.MetaClassImpl.invokeMethod(MetaClassImpl.java:1268)at groovy.lang.MetaClassImpl.invokeMethod(MetaClassImpl.java:1035)at groovy.lang.MetaClassImpl.invokeMethod(MetaClassImpl.java:819)at io.restassured.internal.RequestSpecificationImpl.invokeMethod(RequestSpecificationImpl.groovy)at org.codehaus.groovy.runtime.callsite.PogoInterceptableSite.call(PogoInterceptableSite.java:45)at org.codehaus.groovy.runtime.callsite.PogoInterceptableSite.callCurrent(PogoInterceptableSite.java:55)at org.codehaus.groovy.runtime.callsite.CallSiteArray.defaultCallCurrent(CallSiteArray.java:51)at org.codehaus.groovy.runtime.callsite.AbstractCallSite.callCurrent(AbstractCallSite.java:171)at org.codehaus.groovy.runtime.callsite.AbstractCallSite.callCurrent(AbstractCallSite.java:203)at io.restassured.internal.RequestSpecificationImpl.applyPathParamsAndSendRequest(RequestSpecificationImpl.groovy:1661)at java.base/jdk.internal.reflect.NativeMethodAccessorImpl.invoke0(Native Method)at java.base/jdk.internal.reflect.NativeMethodAccessorImpl.invoke(NativeMethodAccessorImpl.java:64)at java.base/jdk.internal.reflect.DelegatingMethodAccessorImpl.invoke(DelegatingMethodAccessorImpl.java:43)at java.base/java.lang.reflect.Method.invoke(Method.java:564)at org.codehaus.groovy.reflection.CachedMethod.invoke(CachedMethod.java:107)at groovy.lang.MetaMethod.doMethodInvoke(MetaMethod.java:323)at groovy.lang.MetaClassImpl.invokeMethod(MetaClassImpl.java:1268)at groovy.lang.MetaClassImpl.invokeMethod(MetaClassImpl.java:1035)at groovy.lang.MetaClassImpl.invokeMethod(MetaClassImpl.java:819)at io.restassured.internal.RequestSpecificationImpl.invokeMethod(RequestSpecificationImpl.groovy)at org.codehaus.groovy.runtime.callsite.PogoInterceptableSite.call(PogoInterceptableSite.java:45)at org.codehaus.groovy.runtime.callsite.PogoInterceptableSite.callCurrent(PogoInterceptableSite.java:55)at org.codehaus.groovy.runtime.callsite.CallSiteArray.defaultCallCurrent(CallSiteArray.java:51)at org.codehaus.groovy.runtime.callsite.AbstractCallSite.callCurrent(AbstractCallSite.java:171)at org.codehaus.groovy.runtime.callsite.AbstractCallSite.callCurrent(AbstractCallSite.java:203)at io.restassured.internal.RequestSpecificationImpl.get(RequestSpecificationImpl.groovy:171)at io.restassured.internal.RequestSpecificationImpl.get(RequestSpecificationImpl.groovy)at com.example.demo.RestAssuredApplicationTests.contextLoads(RestAssuredApplicationTests.java:21)at java.base/jdk.internal.reflect.NativeMethodAccessorImpl.invoke0(Native Method)at java.base/jdk.internal.reflect.NativeMethodAccessorImpl.invoke(NativeMethodAccessorImpl.java:64)at java.base/jdk.internal.reflect.DelegatingMethodAccessorImpl.invoke(DelegatingMethodAccessorImpl.java:43)at java.base/java.lang.reflect.Method.invoke(Method.java:564)at org.testng.internal.MethodInvocationHelper.invokeMethod(MethodInvocationHelper.java:124)at org.testng.internal.Invoker.invokeMethod(Invoker.java:571)at org.testng.internal.Invoker.invokeTestMethod(Invoker.java:707)at org.testng.internal.Invoker.invokeTestMethods(Invoker.java:979)at org.testng.internal.TestMethodWorker.invokeTestMethods(TestMethodWorker.java:125)at org.testng.internal.TestMethodWorker.run(TestMethodWorker.java:109)at org.testng.TestRunner.privateRun(TestRunner.java:648)at org.testng.TestRunner.run(TestRunner.java:505)at org.testng.SuiteRunner.runTest(SuiteRunner.java:455)at org.testng.SuiteRunner.runSequentially(SuiteRunner.java:450)at org.testng.SuiteRunner.privateRun(SuiteRunner.java:415)at org.testng.SuiteRunner.run(SuiteRunner.java:364)at org.testng.SuiteRunnerWorker.runSuite(SuiteRunnerWorker.java:52)at org.testng.SuiteRunnerWorker.run(SuiteRunnerWorker.java:84)at org.testng.TestNG.runSuitesSequentially(TestNG.java:1187)at org.testng.TestNG.runSuitesLocally(TestNG.java:1116)at org.testng.TestNG.runSuites(TestNG.java:1028)at org.testng.TestNG.run(TestNG.java:996)at org.testng.remote.AbstractRemoteTestNG.run(AbstractRemoteTestNG.java:115)at org.testng.remote.RemoteTestNG.initAndRun(RemoteTestNG.java:251)at org.testng.remote.RemoteTestNG.main(RemoteTestNG.java:77)]]>
    </failure>
  </testcase> <!-- contextLoads -->
</testsuite> <!-- Default test -->
