<?xml version="1.0" encoding="UTF-8"?>
<!-- Generated by org.testng.reporters.JUnitXMLReporter -->
<testsuite ignored="1" hostname="MC1000071863" failures="0" tests="1" name="Default test" time="1.466" errors="0" timestamp="01 Sep 2021 10:38:34 GMT">
  <testcase classname="com.example.demo.StudentApplicationTests" name="getResponseTime" time="1.441"/>
  <testcase classname="com.example.demo.StudentApplicationTests" name="contextLoads" time="0.0">
    <ignored/>
  </testcase> <!-- contextLoads -->
</testsuite> <!-- Default test -->
